<?xml version="1.0" encoding="utf-8"?><testsuites name="pytest tests"><testsuite name="pytest" errors="0" failures="0" skipped="0" tests="6" time="1.885" timestamp="2026-07-14T13:42:13.522094+00:00" hostname="agent-env-aa2232ff-5990-45a5-bc63-70404515f76d"><testcase classname="tests.test_invited_active_workspace.TestAcceptPendingInvitesSetsActive" name="test_invited_user_lands_in_shared_workspace" time="0.010" /><testcase classname="tests.test_invited_active_workspace.TestAcceptPendingInvitesSetsActive" name="test_user_without_invites_keeps_personal_active" time="0.003" /><testcase classname="tests.test_invited_active_workspace.TestAcceptPendingInvitesSetsActive" name="test_existing_active_workspace_not_overwritten" time="0.004" /><testcase classname="tests.test_invited_active_workspace.TestAuthMeEndpoint" name="test_auth_me_returns_shared_workspace_for_invited_user" time="0.471" /><testcase classname="tests.test_invited_active_workspace.TestAuthMeEndpoint" name="test_workspace_switch_between_personal_and_shared" time="0.999" /><testcase classname="tests.test_invited_active_workspace.TestExistingAffectedUser" name="test_artemarble_active_workspace_is_shared" time="0.001" /></testsuite></testsuites>