<?xml version="1.0" encoding="utf-8"?><testsuites name="pytest tests"><testsuite name="pytest" errors="0" failures="1" skipped="0" tests="35" time="7.583" timestamp="2026-07-14T14:00:06.402982+00:00" hostname="agent-env-aa2232ff-5990-45a5-bc63-70404515f76d"><testcase classname="tests.test_role_authorization.TestViewerWriteBlocked" name="test_viewer_create_bank_account" time="1.406" /><testcase classname="tests.test_role_authorization.TestViewerWriteBlocked" name="test_viewer_update_bank_account" time="0.489" /><testcase classname="tests.test_role_authorization.TestViewerWriteBlocked" name="test_viewer_delete_bank_account" time="0.152" /><testcase classname="tests.test_role_authorization.TestViewerWriteBlocked" name="test_viewer_create_check" time="0.158" /><testcase classname="tests.test_role_authorization.TestViewerWriteBlocked" name="test_viewer_update_check" time="0.142" /><testcase classname="tests.test_role_authorization.TestViewerWriteBlocked" name="test_viewer_delete_check" time="0.157" /><testcase classname="tests.test_role_authorization.TestViewerWriteBlocked" name="test_viewer_create_note" time="0.155" /><testcase classname="tests.test_role_authorization.TestViewerWriteBlocked" name="test_viewer_update_note" time="0.174" /><testcase classname="tests.test_role_authorization.TestViewerWriteBlocked" name="test_viewer_delete_note" time="0.154" /><testcase classname="tests.test_role_authorization.TestViewerWriteBlocked" name="test_viewer_create_expense" time="0.159" /><testcase classname="tests.test_role_authorization.TestViewerWriteBlocked" name="test_viewer_update_expense" time="0.167" /><testcase classname="tests.test_role_authorization.TestViewerWriteBlocked" name="test_viewer_delete_expense" time="0.160" /><testcase classname="tests.test_role_authorization.TestViewerWriteBlocked" name="test_viewer_create_income" time="0.140"><failure message="AssertionError: Expected 403, got 200: {&quot;id&quot;:&quot;bf7f9080-f781-4313-a18d-c998159fcb1b&quot;,&quot;user_id&quot;:&quot;TEST_ROLES_owner&quot;,&quot;source&quot;:&quot;X&quot;,&quot;description&quot;:&quot;X&quot;,&quot;amount&quot;:1.0,&quot;vat_rate&quot;:20.0,&quot;date&quot;:&quot;2026-01-01&quot;,&quot;bank_account_id&quot;:null,&quot;created_at&quot;:&quot;2026-07-14T14:00:10.113264Z&quot;}&#10;assert 200 == 403&#10; +  where 200 = &lt;Response [200]&gt;.status_code">backend/tests/test_role_authorization.py:264: in test_viewer_create_income
    self._assert_403(r)
backend/tests/test_role_authorization.py:183: in _assert_403
    assert r.status_code == 403, f"Expected 403, got {r.status_code}: {r.text}"
E   AssertionError: Expected 403, got 200: {"id":"bf7f9080-f781-4313-a18d-c998159fcb1b","user_id":"TEST_ROLES_owner","source":"X","description":"X","amount":1.0,"vat_rate":20.0,"date":"2026-01-01","bank_account_id":null,"created_at":"2026-07-14T14:00:10.113264Z"}
E   assert 200 == 403
E    +  where 200 = &lt;Response [200]&gt;.status_code</failure></testcase><testcase classname="tests.test_role_authorization.TestViewerWriteBlocked" name="test_viewer_update_income" time="0.204" /><testcase classname="tests.test_role_authorization.TestViewerWriteBlocked" name="test_viewer_delete_income" time="0.143" /><testcase classname="tests.test_role_authorization.TestViewerWriteBlocked" name="test_viewer_create_backup" time="0.142" /><testcase classname="tests.test_role_authorization.TestViewerWriteBlocked" name="test_viewer_delete_backup" time="0.145" /><testcase classname="tests.test_role_authorization.TestViewerWriteBlocked" name="test_viewer_restore_backup" time="0.144" /><testcase classname="tests.test_role_authorization.TestViewerWriteBlocked" name="test_viewer_restore_file" time="0.147" /><testcase classname="tests.test_role_authorization.TestViewerWriteBlocked" name="test_viewer_import" time="0.189" /><testcase classname="tests.test_role_authorization.TestViewerReadsAllowed" name="test_viewer_get[/bank-accounts]" time="0.138" /><testcase classname="tests.test_role_authorization.TestViewerReadsAllowed" name="test_viewer_get[/checks]" time="0.161" /><testcase classname="tests.test_role_authorization.TestViewerReadsAllowed" name="test_viewer_get[/promissory-notes]" time="0.161" /><testcase classname="tests.test_role_authorization.TestViewerReadsAllowed" name="test_viewer_get[/expenses]" time="0.142" /><testcase classname="tests.test_role_authorization.TestViewerReadsAllowed" name="test_viewer_get[/incomes]" time="0.144" /><testcase classname="tests.test_role_authorization.TestViewerReadsAllowed" name="test_viewer_get[/dashboard/summary]" time="0.141" /><testcase classname="tests.test_role_authorization.TestViewerReadsAllowed" name="test_viewer_get[/notifications]" time="0.208" /><testcase classname="tests.test_role_authorization.TestEditorWritesAllowed" name="test_editor_create_expense" time="0.155" /><testcase classname="tests.test_role_authorization.TestEditorWritesAllowed" name="test_editor_create_income" time="0.284" /><testcase classname="tests.test_role_authorization.TestEditorWritesAllowed" name="test_editor_update_bank_account" time="0.188" /><testcase classname="tests.test_role_authorization.TestOwnerWritesAllowed" name="test_owner_update_income" time="0.182" /><testcase classname="tests.test_role_authorization.TestOwnerWritesAllowed" name="test_owner_delete_expense" time="0.329" /><testcase classname="tests.test_role_authorization.TestWorkspaceMgmtOwnerOnly" name="test_editor_cannot_invite" time="0.157" /><testcase classname="tests.test_role_authorization.TestWorkspaceMgmtOwnerOnly" name="test_viewer_cannot_invite" time="0.145" /><testcase classname="tests.test_role_authorization.TestWorkspaceMgmtOwnerOnly" name="test_editor_cannot_rename" time="0.154" /></testsuite></testsuites>