<?xml version="1.0" encoding="utf-8"?><testsuites name="pytest tests"><testsuite name="pytest" errors="0" failures="0" skipped="0" tests="17" time="5.140" timestamp="2026-07-13T14:37:04.013452+00:00" hostname="agent-env-aa2232ff-5990-45a5-bc63-70404515f76d"><testcase classname="tests.test_workspaces" name="test_me_returns_workspace_fields" time="0.220" /><testcase classname="tests.test_workspaces" name="test_me_bob" time="0.108" /><testcase classname="tests.test_workspaces" name="test_list_workspaces_returns_personal" time="0.130" /><testcase classname="tests.test_workspaces" name="test_invite_existing_user_becomes_active" time="0.446" /><testcase classname="tests.test_workspaces" name="test_invite_unknown_email_pending" time="0.370" /><testcase classname="tests.test_workspaces" name="test_reinvite_updates_role" time="0.524" /><testcase classname="tests.test_workspaces" name="test_cannot_invite_self" time="0.112" /><testcase classname="tests.test_workspaces" name="test_non_owner_cannot_invite" time="0.109" /><testcase classname="tests.test_workspaces" name="test_list_members_owner" time="0.120" /><testcase classname="tests.test_workspaces" name="test_list_members_forbidden_for_non_member" time="0.105" /><testcase classname="tests.test_workspaces" name="test_list_members_member_can_view" time="0.146" /><testcase classname="tests.test_workspaces" name="test_bob_switch_to_alice_workspace_and_see_data" time="0.653" /><testcase classname="tests.test_workspaces" name="test_switch_forbidden_for_non_member" time="0.117" /><testcase classname="tests.test_workspaces" name="test_rename_owner_only" time="0.228" /><testcase classname="tests.test_workspaces" name="test_cannot_delete_owner_id" time="0.102" /><testcase classname="tests.test_workspaces" name="test_remove_member" time="0.369" /><testcase classname="tests.test_workspaces" name="test_pending_invite_auto_accepts_on_login" time="0.301" /></testsuite></testsuites>