<?xml version="1.0" encoding="utf-8"?><testsuites name="pytest tests"><testsuite name="pytest" errors="0" failures="0" skipped="0" tests="10" time="2.364" timestamp="2026-07-14T05:35:44.582704+00:00" hostname="agent-env-aa2232ff-5990-45a5-bc63-70404515f76d"><testcase classname="tests.test_tax_report.TestTaxReport" name="test_default_vat_on_create" time="0.386" /><testcase classname="tests.test_tax_report.TestTaxReport" name="test_monthly_period" time="0.343" /><testcase classname="tests.test_tax_report.TestTaxReport" name="test_quarterly_period" time="0.060" /><testcase classname="tests.test_tax_report.TestTaxReport" name="test_invalid_period" time="0.059" /><testcase classname="tests.test_tax_report.TestTaxReport" name="test_custom_range" time="0.058" /><testcase classname="tests.test_tax_report.TestTaxReport" name="test_refund_status" time="0.175" /><testcase classname="tests.test_tax_report.TestTaxReport" name="test_pdf_export" time="0.160" /><testcase classname="tests.test_tax_report.TestTaxReport" name="test_xlsx_export" time="0.258" /><testcase classname="tests.test_tax_report.TestTaxReport" name="test_import_template_has_vat_rate" time="0.235" /><testcase classname="tests.test_tax_report.TestTaxReport" name="test_auth_required" time="0.435" /></testsuite></testsuites>