<?xml version="1.0" encoding="utf-8"?><testsuites name="pytest tests"><testsuite name="pytest" errors="0" failures="0" skipped="0" tests="11" time="5.299" timestamp="2026-07-14T12:37:09.842457+00:00" hostname="agent-env-aa2232ff-5990-45a5-bc63-70404515f76d"><testcase classname="tests.test_dashboard_regression.TestDashboardSummary" name="test_summary_all_fields_present" time="2.662" /><testcase classname="tests.test_dashboard_regression.TestDashboardSummary" name="test_total_balance_correct" time="0.147" /><testcase classname="tests.test_dashboard_regression.TestDashboardSummary" name="test_upcoming_amounts_correct" time="0.200" /><testcase classname="tests.test_dashboard_regression.TestDashboardSummary" name="test_month_totals_correct" time="0.185" /><testcase classname="tests.test_dashboard_regression.TestDashboardSummary" name="test_categories_breakdown" time="0.154" /><testcase classname="tests.test_dashboard_regression.TestDashboardSummary" name="test_monthly_array_shape" time="0.136" /><testcase classname="tests.test_dashboard_regression.TestListEndpointsNoProjection" name="test_checks_returns_full_records" time="3.562" /><testcase classname="tests.test_dashboard_regression.TestDashboardSummary" name="test_upcoming_list_contents" time="0.155" /><testcase classname="tests.test_dashboard_regression.TestListEndpointsNoProjection" name="test_expenses_returns_full_records" time="0.145" /><testcase classname="tests.test_dashboard_regression.TestInviteWithoutAppUrl" name="test_invite_pending_without_app_url" time="0.396" /><testcase classname="tests.test_dashboard_regression.TestListEndpointsNoProjection" name="test_incomes_returns_full_records" time="0.143" /></testsuite></testsuites>