<?xml version="1.0" encoding="utf-8"?><testsuites name="pytest tests"><testsuite name="pytest" errors="0" failures="0" skipped="0" tests="12" time="2.163" timestamp="2026-07-13T14:25:09.436454+00:00" hostname="agent-env-aa2232ff-5990-45a5-bc63-70404515f76d"><testcase classname="tests.test_iteration3.TestPdfReport" name="test_pdf_default_current_month" time="0.714" /><testcase classname="tests.test_iteration3.TestPdfReport" name="test_pdf_custom_range" time="0.059" /><testcase classname="tests.test_iteration3.TestPdfReport" name="test_pdf_empty_period" time="0.058" /><testcase classname="tests.test_iteration3.TestDateRangeFilter" name="test_expenses_no_filter" time="0.894" /><testcase classname="tests.test_iteration3.TestPdfReport" name="test_pdf_turkish_chars" time="0.061" /><testcase classname="tests.test_iteration3.TestDateRangeFilter" name="test_expenses_start_only" time="0.052" /><testcase classname="tests.test_iteration3.TestAuth" name="test_pdf_requires_auth" time="0.574" /><testcase classname="tests.test_iteration3.TestDateRangeFilter" name="test_expenses_end_only" time="0.044" /><testcase classname="tests.test_iteration3.TestDateRangeFilter" name="test_expenses_range" time="0.045" /><testcase classname="tests.test_iteration3.TestDateRangeFilter" name="test_incomes_range" time="0.060" /><testcase classname="tests.test_iteration3.TestDateRangeFilter" name="test_checks_due_date_filter" time="0.045" /><testcase classname="tests.test_iteration3.TestDateRangeFilter" name="test_notes_due_date_filter" time="0.510" /></testsuite></testsuites>