<?xml version="1.0" encoding="utf-8"?><testsuites name="pytest tests"><testsuite name="pytest" errors="0" failures="0" skipped="0" tests="8" time="1.577" timestamp="2026-07-14T13:17:44.251272+00:00" hostname="agent-env-aa2232ff-5990-45a5-bc63-70404515f76d"><testcase classname="tests.test_auth_callback_fix.TestAuthMeWithSeededSession" name="test_me_with_valid_bearer_token_returns_200" time="0.286" /><testcase classname="tests.test_auth_callback_fix.TestAuthMeWithSeededSession" name="test_me_with_cookie_returns_200" time="0.226" /><testcase classname="tests.test_auth_callback_fix.TestAuthMeWithSeededSession" name="test_me_without_token_returns_401" time="0.171" /><testcase classname="tests.test_auth_callback_fix.TestAuthMeWithSeededSession" name="test_me_with_invalid_token_returns_401" time="0.179" /><testcase classname="tests.test_auth_callback_fix.TestAuthSessionContract" name="test_session_endpoint_exists_and_rejects_bad_session_id" time="0.272" /><testcase classname="tests.test_auth_callback_fix.TestAuthSessionContract" name="test_session_endpoint_validates_payload" time="0.137" /><testcase classname="tests.test_auth_callback_fix.TestPendingInviteAutoAccept" name="test_pending_invite_activates_on_login" time="0.193" /><testcase classname="tests.test_auth_callback_fix.TestAuthCallbackFrontendFix" name="test_authcallback_uses_window_location_replace" time="0.001" /></testsuite></testsuites>