<?xml version="1.0" encoding="utf-8"?><testsuites name="pytest tests"><testsuite name="pytest" errors="0" failures="0" skipped="0" tests="15" time="3.460" timestamp="2026-07-13T14:46:47.155854+00:00" hostname="agent-env-aa2232ff-5990-45a5-bc63-70404515f76d"><testcase classname="tests.test_import" name="test_template_download[expenses]" time="0.635" /><testcase classname="tests.test_import" name="test_template_download[incomes]" time="0.068" /><testcase classname="tests.test_import" name="test_template_download[checks]" time="0.061" /><testcase classname="tests.test_import" name="test_template_download[promissory-notes]" time="0.125" /><testcase classname="tests.test_import" name="test_template_unknown_resource" time="0.052" /><testcase classname="tests.test_import" name="test_import_expenses_csv_utf8_bom" time="0.118" /><testcase classname="tests.test_import" name="test_import_incomes_csv_semicolon" time="0.050" /><testcase classname="tests.test_import" name="test_import_missing_required_columns" time="0.054" /><testcase classname="tests.test_import" name="test_import_partial_errors" time="0.053" /><testcase classname="tests.test_import" name="test_import_expenses_xlsx" time="0.111" /><testcase classname="tests.test_import" name="test_import_checks_enum" time="0.050" /><testcase classname="tests.test_import" name="test_import_notes_enum" time="0.050" /><testcase classname="tests.test_import" name="test_import_file_too_large" time="0.327" /><testcase classname="tests.test_import" name="test_import_requires_auth" time="0.164" /><testcase classname="tests.test_import" name="test_import_data_isolation" time="0.986" /></testsuite></testsuites>