<?xml version="1.0" encoding="utf-8"?><testsuites name="pytest tests"><testsuite name="pytest" errors="0" failures="0" skipped="0" tests="10" time="3.638" timestamp="2026-07-13T14:05:19.405107+00:00" hostname="agent-env-aa2232ff-5990-45a5-bc63-70404515f76d"><testcase classname="tests.test_preferences" name="test_get_preferences_no_auth" time="0.285" /><testcase classname="tests.test_preferences" name="test_get_preferences_defaults" time="0.155" /><testcase classname="tests.test_preferences" name="test_put_preferences_save_and_persist" time="0.186" /><testcase classname="tests.test_preferences" name="test_put_preferences_filters_invalid_days" time="0.156" /><testcase classname="tests.test_preferences" name="test_put_preferences_empty_days_falls_back" time="0.169" /><testcase classname="tests.test_preferences" name="test_put_preferences_empty_email_becomes_null" time="0.158" /><testcase classname="tests.test_preferences" name="test_reminders_in_app_disabled_no_notif" time="0.294" /><testcase classname="tests.test_preferences" name="test_reminders_in_app_only_creates_notif" time="0.246" /><testcase classname="tests.test_preferences" name="test_reminders_uses_custom_reminder_days" time="0.305" /><testcase classname="tests.test_preferences" name="test_reminders_respects_notification_email_override" time="0.516" /></testsuite></testsuites>